{
  "0 debug pnpm:scope": {
    "selected": 1
  },
  "1 debug pnpm:package-manifest": {
    "initial": {
      "name": "sveltekit-boilerplate",
      "version": "0.0.1",
      "private": true,
      "scripts": {
        "dev": "vite dev",
        "build": "vite build",
        "preview": "vite preview",
        "check": "svelte-kit sync && svelte-check --tsconfig ./tsconfig.json",
        "check:watch": "svelte-kit sync && svelte-check --tsconfig ./tsconfig.json --watch",
        "lint": "prettier --check . && eslint .",
        "format": "prettier --write ."
      },
      "devDependencies": {
        "@sveltejs/adapter-auto": "^3.0.0",
        "@sveltejs/kit": "^2.0.0",
        "@sveltejs/vite-plugin-svelte": "^3.0.0",
        "@types/eslint": "^8.56.7",
        "eslint": "^9.0.0",
        "eslint-config-prettier": "^9.1.0",
        "eslint-plugin-svelte": "^2.36.0",
        "globals": "^15.0.0",
        "prettier": "^3.1.1",
        "prettier-plugin-svelte": "^3.1.2",
        "svelte": "^4.2.7",
        "svelte-check": "^3.6.0",
        "tslib": "^2.4.1",
        "typescript": "^5.0.0",
        "typescript-eslint": "^7.5.0",
        "vite": "^5.0.3"
      },
      "type": "module"
    },
    "prefix": "/Users/shanitripathi/sveltekit-boilerplate"
  },
  "2 debug pnpm:context": {
    "currentLockfileExists": false,
    "storeDir": "/Users/shanitripathi/.pnpm-store/v3",
    "virtualStoreDir": "/Users/shanitripathi/sveltekit-boilerplate/node_modules/.pnpm"
  },
  "3 debug pnpm:stage": {
    "prefix": "/Users/shanitripathi/sveltekit-boilerplate",
    "stage": "resolution_started"
  },
  "4 debug pnpm:_dependency_resolved": {
    "resolution": "registry.npmjs.org/globals/15.0.0",
    "wanted": {
      "dependentId": ".",
      "name": "globals",
      "rawSpec": "^15.0.0"
    }
  },
  "5 warn pnpm:install-check": {
    "message": "Unsupported engine for registry.npmjs.org/globals/15.0.0: wanted: {\"node\":\">=18\"} (current: {\"node\":\"v14.16.1\",\"pnpm\":\"6.6.2\"})",
    "prefix": "/Users/shanitripathi/sveltekit-boilerplate"
  },
  "6 error pnpm": {
    "code": "ERR_PNPM_UNSUPPORTED_ENGINE",
    "packageId": "registry.npmjs.org/globals/15.0.0",
    "wanted": {
      "node": ">=18"
    },
    "current": {
      "node": "v14.16.1",
      "pnpm": "6.6.2"
    },
    "err": {
      "name": "Error",
      "message": "Unsupported engine for registry.npmjs.org/globals/15.0.0: wanted: {\"node\":\">=18\"} (current: {\"node\":\"v14.16.1\",\"pnpm\":\"6.6.2\"})",
      "code": "ERR_PNPM_UNSUPPORTED_ENGINE",
      "stack": "Error: Unsupported engine for registry.npmjs.org/globals/15.0.0: wanted: {\"node\":\">=18\"} (current: {\"node\":\"v14.16.1\",\"pnpm\":\"6.6.2\"})\n    at Object.checkEngine [as default] (/usr/local/lib/node_modules/pnpm/dist/pnpm.cjs:34593:16)\n    at checkPackage (/usr/local/lib/node_modules/pnpm/dist/pnpm.cjs:34737:99)\n    at Object.packageIsInstallable [as default] (/usr/local/lib/node_modules/pnpm/dist/pnpm.cjs:34707:20)\n    at resolveDependency (/usr/local/lib/node_modules/pnpm/dist/pnpm.cjs:110891:81)\n    at processTicksAndRejections (internal/process/task_queues.js:93:5)\n    at async resolveDependenciesOfDependency (/usr/local/lib/node_modules/pnpm/dist/pnpm.cjs:110615:39)\n    at async Promise.all (index 7)\n    at async Object.resolveDependencies [as default] (/usr/local/lib/node_modules/pnpm/dist/pnpm.cjs:110585:29)\n    at async /usr/local/lib/node_modules/pnpm/dist/pnpm.cjs:111113:47\n    at async Promise.all (index 0)"
    }
  }
}